<?xml version="1.0" encoding="UTF-8"?>
<!-- Generated by org.testng.reporters.JUnitReportReporter -->
<testsuite hostname="DESKTOP-5VBH2SA" failures="0" tests="1" name="Academy.Testing" time="0.302" errors="0" timestamp="4 Jul 2021 06:00:49 GMT">
  <testcase classname="Academy.Testing" name="xyz" time="0.302"/>
</testsuite> <!-- Academy.Testing -->
